<?xml version="1.0" encoding="UTF-8"?>
<!-- Generated by org.testng.reporters.JUnitReportReporter -->
<testsuite hostname="DESKTOP-FFQQAKU" failures="0" tests="1" name="test.DemoTest" time="2.566" errors="0" timestamp="2022-07-18T09:52:56 ICT" skipped="0">
  <testcase classname="test.DemoTest" name="demoTest" time="2.566"/>
  <system-out/>
</testsuite> <!-- test.DemoTest -->
